{
  "stats": {
    "suites": 1,
    "tests": 2,
    "passes": 0,
    "pending": 0,
    "failures": 2,
    "start": "2025-10-16T13:50:41.694Z",
    "end": "2025-10-16T13:50:51.850Z",
    "duration": 10156,
    "testsRegistered": 2,
    "passPercent": 0,
    "pendingPercent": 0,
    "other": 0,
    "hasOther": false,
    "skipped": 0,
    "hasSkipped": false
  },
  "results": [
    {
      "uuid": "66dc6205-58e1-4e45-8db0-894ed3009ceb",
      "title": "",
      "fullFile": "cypress\\e2e\\features\\login.feature",
      "file": "cypress\\e2e\\features\\login.feature",
      "beforeHooks": [],
      "afterHooks": [],
      "tests": [],
      "suites": [
        {
          "uuid": "6df7a145-a235-448b-b0ae-f8695d9aedbc",
          "title": "Login",
          "fullFile": "",
          "file": "",
          "beforeHooks": [],
          "afterHooks": [],
          "tests": [
            {
              "title": "Successful login with valid credentials",
              "fullTitle": "Login Successful login with valid credentials",
              "timedOut": null,
              "duration": 5237,
              "state": "failed",
              "speed": null,
              "pass": false,
              "fail": true,
              "pending": false,
              "context": "{\n  \"title\": \"cypress-mochawesome-reporter-screenshots\",\n  \"value\": [\n    [\n      \"\\\\login.feature\\\\Login -- Successful login with valid credentials (failed).png\"\n    ]\n  ]\n}",
              "code": "var _a2, _b2, _c2, _d, _e;\n(0, assertions_1.assert)(context.includedPickles[0].id === pickle.id, \"Included pickle stack is unsynchronized\");\nconst { remainingSteps, testCaseStartedId } = retrieveInternalSpecProperties();\ntaskTestCaseStarted(context, {\n  id: testCaseStartedId,\n  testCaseId,\n  attempt: attempt++,\n  timestamp: (0, messages_1.createTimestamp)()\n});\nwindow.testState = {\n  gherkinDocument,\n  pickles,\n  pickle\n};\nconst onAfterStep = (options) => {\n  var _a3, _b3, _c3;\n  const { testStepId, start, result } = options;\n  const end = (0, messages_1.createTimestamp)();\n  if (result === \"pending\" || result === \"skipped\") {\n    if (result === \"pending\") {\n      taskTestStepFinished(context, {\n        testStepId,\n        testCaseStartedId,\n        testStepResult: {\n          status: messages_enums_1.TestStepResultStatus.PENDING,\n          duration: (0, messages_1.duration)(start, end)\n        },\n        timestamp: end\n      });\n    } else {\n      taskTestStepFinished(context, {\n        testStepId,\n        testCaseStartedId,\n        testStepResult: {\n          status: messages_enums_1.TestStepResultStatus.SKIPPED,\n          duration: (0, messages_1.duration)(start, end)\n        },\n        timestamp: end\n      });\n    }\n    remainingSteps.shift();\n    for (const skippedStep of remainingSteps) {\n      const hookIdOrPickleStepId = (0, assertions_1.ensure)((_b3 = (_a3 = skippedStep.hook) === null || _a3 === void 0 ? void 0 : _a3.id) !== null && _b3 !== void 0 ? _b3 : (_c3 = skippedStep.pickleStep) === null || _c3 === void 0 ? void 0 : _c3.id, \"Expected a step to either be a hook or a pickleStep\");\n      const testStepId2 = getTestStepId({\n        context,\n        pickleId: pickle.id,\n        hookIdOrPickleStepId\n      });\n      taskTestStepStarted(context, {\n        testStepId: testStepId2,\n        testCaseStartedId,\n        timestamp: (0, messages_1.createTimestamp)()\n      });\n      taskTestStepFinished(context, {\n        testStepId: testStepId2,\n        testCaseStartedId,\n        testStepResult: {\n          status: messages_enums_1.TestStepResultStatus.SKIPPED,\n          duration: {\n            seconds: 0,\n            nanos: 0\n          }\n        },\n        timestamp: (0, messages_1.createTimestamp)()\n      });\n    }\n    for (let i = 0, count = remainingSteps.length; i < count; i++) {\n      remainingSteps.pop();\n    }\n    cy.then(() => this.skip());\n  } else {\n    taskTestStepFinished(context, {\n      testStepId,\n      testCaseStartedId,\n      testStepResult: {\n        status: messages_enums_1.TestStepResultStatus.PASSED,\n        duration: (0, messages_1.duration)(start, end)\n      },\n      timestamp: end\n    });\n    remainingSteps.shift();\n  }\n};\nfor (const step of steps) {\n  if (step.hook) {\n    const hook = step.hook;\n    const testStepId = getTestStepId({\n      context,\n      pickleId: pickle.id,\n      hookIdOrPickleStepId: hook.id\n    });\n    cy.then(() => {\n      delete window.testState.pickleStep;\n      const start = (0, messages_1.createTimestamp)();\n      internalProperties.currentStepStartedAt = start;\n      taskTestStepStarted(context, {\n        testStepId,\n        testCaseStartedId,\n        timestamp: start\n      });\n      return cy.wrap(start, { log: false });\n    }).then((start) => {\n      const options = {\n        pickle,\n        gherkinDocument,\n        testCaseStartedId\n      };\n      return (0, cypress_1.runStepWithLogGroup)({\n        fn: dryRun ? noopFn : () => registry2.runCaseHook(this, hook, options),\n        keyword: hook.keyword,\n        text: createStepDescription(hook)\n      }).then((result) => {\n        return { start, result };\n      });\n    }).then(({ start, result }) => onAfterStep({ start, result, testStepId }));\n  } else if (step.pickleStep) {\n    const pickleStep = step.pickleStep;\n    const testStepId = getTestStepId({\n      context,\n      pickleId: pickle.id,\n      hookIdOrPickleStepId: pickleStep.id\n    });\n    const text = (0, assertions_1.ensure)(pickleStep.text, \"Expected pickle step to have a text\");\n    const scenarioStep = (0, assertions_1.ensure)(context.astIdsMap.get((0, assertions_1.ensure)((_a2 = pickleStep.astNodeIds) === null || _a2 === void 0 ? void 0 : _a2[0], \"Expected to find at least one astNodeId\")), `Expected to find scenario step associated with id = ${(_b2 = pickleStep.astNodeIds) === null || _b2 === void 0 ? void 0 : _b2[0]}`);\n    const argument = ((_c2 = pickleStep.argument) === null || _c2 === void 0 ? void 0 : _c2.dataTable) ? new data_table_1.default(pickleStep.argument.dataTable) : ((_e = (_d = pickleStep.argument) === null || _d === void 0 ? void 0 : _d.docString) === null || _e === void 0 ? void 0 : _e.content) ? pickleStep.argument.docString.content : void 0;\n    cy.then(() => {\n      window.testState.pickleStep = step.pickleStep;\n      const start = (0, messages_1.createTimestamp)();\n      internalProperties.currentStep = { pickleStep };\n      internalProperties.currentStepStartedAt = start;\n      taskTestStepStarted(context, {\n        testStepId,\n        testCaseStartedId,\n        timestamp: start\n      });\n      return cy.wrap(start, { log: false });\n    }).then((start) => {\n      const beforeStepHooks = registry2.resolveBeforeStepHooks(tags);\n      const afterStepHooks = registry2.resolveAfterStepHooks(tags);\n      const options = {\n        pickle,\n        pickleStep,\n        gherkinDocument,\n        testCaseStartedId,\n        testStepId\n      };\n      const beforeHooksChain = beforeStepHooks.reduce((chain, beforeStepHook) => {\n        return chain.then(() => (0, cypress_1.runStepWithLogGroup)({\n          keyword: \"BeforeStep\",\n          text: createStepDescription(beforeStepHook),\n          fn: dryRun ? noopFn : () => registry2.runStepHook(this, beforeStepHook, options)\n        }));\n      }, cy.wrap({}, { log: false }));\n      return beforeHooksChain.then(() => {\n        try {\n          return (0, cypress_1.runStepWithLogGroup)({\n            keyword: (0, assertions_1.ensure)(\"keyword\" in scenarioStep && scenarioStep.keyword, \"Expected to find a keyword in the scenario step\"),\n            argument,\n            text,\n            fn: () => registry2.runStepDefinition(this, text, dryRun, argument)\n          }).then((result) => {\n            return afterStepHooks.reduce((chain, afterStepHook) => {\n              return chain.then(() => (0, cypress_1.runStepWithLogGroup)({\n                keyword: \"AfterStep\",\n                text: createStepDescription(afterStepHook),\n                fn: dryRun ? noopFn : () => registry2.runStepHook(this, afterStepHook, options)\n              }));\n            }, cy.wrap({}, { log: false })).then(() => {\n              return { start, result };\n            });\n          });\n        } catch (e) {\n          if (e instanceof registry_1.MissingDefinitionError) {\n            throw new Error(createMissingStepDefinitionMessage(context, pickleStep, context.registry.parameterTypeRegistry));\n          } else {\n            throw e;\n          }\n        }\n      });\n    }).then(({ start, result }) => onAfterStep({ start, result, testStepId }));\n  }\n}",
              "err": {
                "message": "AssertionError: Timed out retrying after 4000ms: expected 'http://localhost:5173/login' to include '/chat'",
                "estack": "AssertionError: Timed out retrying after 4000ms: expected 'http://localhost:5173/login' to include '/chat'\n    at Context.eval (http://localhost:5173/__cypress/tests?p=cypress\\e2e\\features\\login.feature:14133:18)\n    at Registry.runStepDefinition (http://localhost:5173/__cypress/tests?p=cypress\\e2e\\features\\login.feature:10419:48)\n    at Object.fn (http://localhost:5173/__cypress/tests?p=cypress\\e2e\\features\\login.feature:13446:43)\n    at runStepWithLogGroup (http://localhost:5173/__cypress/tests?p=cypress\\e2e\\features\\login.feature:12927:29)\n    at Context.eval (http://localhost:5173/__cypress/tests?p=cypress\\e2e\\features\\login.feature:13442:62)\n    at getRet (http://localhost:5173/__cypress/runner/cypress_runner.js:122067:20)\n    at tryCatcher (http://localhost:5173/__cypress/runner/cypress_runner.js:1777:23)\n    at Promise.attempt.Promise.try (http://localhost:5173/__cypress/runner/cypress_runner.js:4285:29)\n    at Context.thenFn (http://localhost:5173/__cypress/runner/cypress_runner.js:122078:66)",
                "diff": null
              },
              "uuid": "b281bc1a-d8bf-4d08-a59a-fd61b90b9cdb",
              "parentUUID": "6df7a145-a235-448b-b0ae-f8695d9aedbc",
              "isHook": false,
              "skipped": false
            },
            {
              "title": "Failed login with invalid credentials",
              "fullTitle": "Login Failed login with invalid credentials",
              "timedOut": null,
              "duration": 4853,
              "state": "failed",
              "speed": null,
              "pass": false,
              "fail": true,
              "pending": false,
              "context": "{\n  \"title\": \"cypress-mochawesome-reporter-screenshots\",\n  \"value\": [\n    [\n      \"\\\\login.feature\\\\Login -- Failed login with invalid credentials (failed).png\"\n    ]\n  ]\n}",
              "code": "var _a2, _b2, _c2, _d, _e;\n(0, assertions_1.assert)(context.includedPickles[0].id === pickle.id, \"Included pickle stack is unsynchronized\");\nconst { remainingSteps, testCaseStartedId } = retrieveInternalSpecProperties();\ntaskTestCaseStarted(context, {\n  id: testCaseStartedId,\n  testCaseId,\n  attempt: attempt++,\n  timestamp: (0, messages_1.createTimestamp)()\n});\nwindow.testState = {\n  gherkinDocument,\n  pickles,\n  pickle\n};\nconst onAfterStep = (options) => {\n  var _a3, _b3, _c3;\n  const { testStepId, start, result } = options;\n  const end = (0, messages_1.createTimestamp)();\n  if (result === \"pending\" || result === \"skipped\") {\n    if (result === \"pending\") {\n      taskTestStepFinished(context, {\n        testStepId,\n        testCaseStartedId,\n        testStepResult: {\n          status: messages_enums_1.TestStepResultStatus.PENDING,\n          duration: (0, messages_1.duration)(start, end)\n        },\n        timestamp: end\n      });\n    } else {\n      taskTestStepFinished(context, {\n        testStepId,\n        testCaseStartedId,\n        testStepResult: {\n          status: messages_enums_1.TestStepResultStatus.SKIPPED,\n          duration: (0, messages_1.duration)(start, end)\n        },\n        timestamp: end\n      });\n    }\n    remainingSteps.shift();\n    for (const skippedStep of remainingSteps) {\n      const hookIdOrPickleStepId = (0, assertions_1.ensure)((_b3 = (_a3 = skippedStep.hook) === null || _a3 === void 0 ? void 0 : _a3.id) !== null && _b3 !== void 0 ? _b3 : (_c3 = skippedStep.pickleStep) === null || _c3 === void 0 ? void 0 : _c3.id, \"Expected a step to either be a hook or a pickleStep\");\n      const testStepId2 = getTestStepId({\n        context,\n        pickleId: pickle.id,\n        hookIdOrPickleStepId\n      });\n      taskTestStepStarted(context, {\n        testStepId: testStepId2,\n        testCaseStartedId,\n        timestamp: (0, messages_1.createTimestamp)()\n      });\n      taskTestStepFinished(context, {\n        testStepId: testStepId2,\n        testCaseStartedId,\n        testStepResult: {\n          status: messages_enums_1.TestStepResultStatus.SKIPPED,\n          duration: {\n            seconds: 0,\n            nanos: 0\n          }\n        },\n        timestamp: (0, messages_1.createTimestamp)()\n      });\n    }\n    for (let i = 0, count = remainingSteps.length; i < count; i++) {\n      remainingSteps.pop();\n    }\n    cy.then(() => this.skip());\n  } else {\n    taskTestStepFinished(context, {\n      testStepId,\n      testCaseStartedId,\n      testStepResult: {\n        status: messages_enums_1.TestStepResultStatus.PASSED,\n        duration: (0, messages_1.duration)(start, end)\n      },\n      timestamp: end\n    });\n    remainingSteps.shift();\n  }\n};\nfor (const step of steps) {\n  if (step.hook) {\n    const hook = step.hook;\n    const testStepId = getTestStepId({\n      context,\n      pickleId: pickle.id,\n      hookIdOrPickleStepId: hook.id\n    });\n    cy.then(() => {\n      delete window.testState.pickleStep;\n      const start = (0, messages_1.createTimestamp)();\n      internalProperties.currentStepStartedAt = start;\n      taskTestStepStarted(context, {\n        testStepId,\n        testCaseStartedId,\n        timestamp: start\n      });\n      return cy.wrap(start, { log: false });\n    }).then((start) => {\n      const options = {\n        pickle,\n        gherkinDocument,\n        testCaseStartedId\n      };\n      return (0, cypress_1.runStepWithLogGroup)({\n        fn: dryRun ? noopFn : () => registry2.runCaseHook(this, hook, options),\n        keyword: hook.keyword,\n        text: createStepDescription(hook)\n      }).then((result) => {\n        return { start, result };\n      });\n    }).then(({ start, result }) => onAfterStep({ start, result, testStepId }));\n  } else if (step.pickleStep) {\n    const pickleStep = step.pickleStep;\n    const testStepId = getTestStepId({\n      context,\n      pickleId: pickle.id,\n      hookIdOrPickleStepId: pickleStep.id\n    });\n    const text = (0, assertions_1.ensure)(pickleStep.text, \"Expected pickle step to have a text\");\n    const scenarioStep = (0, assertions_1.ensure)(context.astIdsMap.get((0, assertions_1.ensure)((_a2 = pickleStep.astNodeIds) === null || _a2 === void 0 ? void 0 : _a2[0], \"Expected to find at least one astNodeId\")), `Expected to find scenario step associated with id = ${(_b2 = pickleStep.astNodeIds) === null || _b2 === void 0 ? void 0 : _b2[0]}`);\n    const argument = ((_c2 = pickleStep.argument) === null || _c2 === void 0 ? void 0 : _c2.dataTable) ? new data_table_1.default(pickleStep.argument.dataTable) : ((_e = (_d = pickleStep.argument) === null || _d === void 0 ? void 0 : _d.docString) === null || _e === void 0 ? void 0 : _e.content) ? pickleStep.argument.docString.content : void 0;\n    cy.then(() => {\n      window.testState.pickleStep = step.pickleStep;\n      const start = (0, messages_1.createTimestamp)();\n      internalProperties.currentStep = { pickleStep };\n      internalProperties.currentStepStartedAt = start;\n      taskTestStepStarted(context, {\n        testStepId,\n        testCaseStartedId,\n        timestamp: start\n      });\n      return cy.wrap(start, { log: false });\n    }).then((start) => {\n      const beforeStepHooks = registry2.resolveBeforeStepHooks(tags);\n      const afterStepHooks = registry2.resolveAfterStepHooks(tags);\n      const options = {\n        pickle,\n        pickleStep,\n        gherkinDocument,\n        testCaseStartedId,\n        testStepId\n      };\n      const beforeHooksChain = beforeStepHooks.reduce((chain, beforeStepHook) => {\n        return chain.then(() => (0, cypress_1.runStepWithLogGroup)({\n          keyword: \"BeforeStep\",\n          text: createStepDescription(beforeStepHook),\n          fn: dryRun ? noopFn : () => registry2.runStepHook(this, beforeStepHook, options)\n        }));\n      }, cy.wrap({}, { log: false }));\n      return beforeHooksChain.then(() => {\n        try {\n          return (0, cypress_1.runStepWithLogGroup)({\n            keyword: (0, assertions_1.ensure)(\"keyword\" in scenarioStep && scenarioStep.keyword, \"Expected to find a keyword in the scenario step\"),\n            argument,\n            text,\n            fn: () => registry2.runStepDefinition(this, text, dryRun, argument)\n          }).then((result) => {\n            return afterStepHooks.reduce((chain, afterStepHook) => {\n              return chain.then(() => (0, cypress_1.runStepWithLogGroup)({\n                keyword: \"AfterStep\",\n                text: createStepDescription(afterStepHook),\n                fn: dryRun ? noopFn : () => registry2.runStepHook(this, afterStepHook, options)\n              }));\n            }, cy.wrap({}, { log: false })).then(() => {\n              return { start, result };\n            });\n          });\n        } catch (e) {\n          if (e instanceof registry_1.MissingDefinitionError) {\n            throw new Error(createMissingStepDefinitionMessage(context, pickleStep, context.registry.parameterTypeRegistry));\n          } else {\n            throw e;\n          }\n        }\n      });\n    }).then(({ start, result }) => onAfterStep({ start, result, testStepId }));\n  }\n}",
              "err": {
                "message": "AssertionError: Timed out retrying after 4000ms: expected '<div>' to contain 'Invalid credentials'",
                "estack": "AssertionError: Timed out retrying after 4000ms: expected '<div>' to contain 'Invalid credentials'\n    at Context.eval (http://localhost:5173/__cypress/tests?p=cypress\\e2e\\features\\login.feature:14140:37)\n    at Registry.runStepDefinition (http://localhost:5173/__cypress/tests?p=cypress\\e2e\\features\\login.feature:10419:48)\n    at Object.fn (http://localhost:5173/__cypress/tests?p=cypress\\e2e\\features\\login.feature:13446:43)\n    at runStepWithLogGroup (http://localhost:5173/__cypress/tests?p=cypress\\e2e\\features\\login.feature:12927:29)\n    at Context.eval (http://localhost:5173/__cypress/tests?p=cypress\\e2e\\features\\login.feature:13442:62)\n    at getRet (http://localhost:5173/__cypress/runner/cypress_runner.js:122067:20)\n    at tryCatcher (http://localhost:5173/__cypress/runner/cypress_runner.js:1777:23)\n    at Promise.attempt.Promise.try (http://localhost:5173/__cypress/runner/cypress_runner.js:4285:29)\n    at Context.thenFn (http://localhost:5173/__cypress/runner/cypress_runner.js:122078:66)",
                "diff": null
              },
              "uuid": "8411f5bd-627b-4f5d-8381-ccf2d7d01f3a",
              "parentUUID": "6df7a145-a235-448b-b0ae-f8695d9aedbc",
              "isHook": false,
              "skipped": false
            }
          ],
          "suites": [],
          "passes": [],
          "failures": [
            "b281bc1a-d8bf-4d08-a59a-fd61b90b9cdb",
            "8411f5bd-627b-4f5d-8381-ccf2d7d01f3a"
          ],
          "pending": [],
          "skipped": [],
          "duration": 10090,
          "root": false,
          "rootEmpty": false,
          "_timeout": 2000
        }
      ],
      "passes": [],
      "failures": [],
      "pending": [],
      "skipped": [],
      "duration": 0,
      "root": true,
      "rootEmpty": true,
      "_timeout": 2000
    }
  ],
  "meta": {
    "mocha": {
      "version": "7.2.0"
    },
    "mochawesome": {
      "options": {
        "quiet": false,
        "reportFilename": "mochawesome",
        "saveHtml": true,
        "saveJson": true,
        "consoleReporter": "spec",
        "useInlineDiffs": false,
        "code": true
      },
      "version": "7.1.4"
    },
    "marge": {
      "options": {
        "reportDir": "reports/mochawesome",
        "overwrite": false,
        "html": true,
        "json": true
      },
      "version": "6.3.0"
    }
  }
}